2020-06-08 06:30:14 PM INFO : Initializing...
2020-06-08 06:30:28 PM INFO : world_stats generated.
2020-06-08 06:30:31 PM INFO : usa_stats generated.
2020-06-08 06:30:33 PM INFO : india_stats generated.
2020-06-08 06:30:45 PM INFO : mirabhy_stats generated.
2020-06-08 06:30:45 PM INFO : Unpickling a random FAQ...
2020-06-08 06:30:45 PM INFO : Sending an email...
2020-06-08 06:30:51 PM INFO : Process completed successfully
2020-06-09 06:30:16 PM INFO : Initializing...
2020-06-09 06:30:30 PM INFO : world_stats generated.
2020-06-09 06:30:33 PM INFO : usa_stats generated.
2020-06-09 06:30:35 PM INFO : india_stats generated.
2020-06-09 06:30:47 PM INFO : mirabhy_stats generated.
2020-06-09 06:30:47 PM INFO : Unpickling a random FAQ...
2020-06-09 06:30:47 PM INFO : Sending an email...
2020-06-09 06:30:53 PM INFO : Process completed successfully
2020-06-10 06:30:15 PM INFO : Initializing...
2020-06-10 06:30:30 PM INFO : world_stats generated.
2020-06-10 06:30:33 PM INFO : usa_stats generated.
2020-06-10 06:30:35 PM INFO : india_stats generated.
2020-06-10 06:30:46 PM INFO : mirabhy_stats generated.
2020-06-10 06:30:46 PM INFO : Unpickling a random FAQ...
2020-06-10 06:30:46 PM INFO : Sending an email...
2020-06-10 06:30:55 PM INFO : Process completed successfully
2020-06-11 06:30:14 PM INFO : Initializing...
2020-06-11 06:30:29 PM INFO : world_stats generated.
2020-06-11 06:30:32 PM INFO : usa_stats generated.
2020-06-11 06:30:34 PM INFO : india_stats generated.
2020-06-11 06:30:46 PM INFO : mirabhy_stats generated.
2020-06-11 06:30:46 PM INFO : Unpickling a random FAQ...
2020-06-11 06:30:46 PM INFO : Sending an email...
2020-06-11 06:30:52 PM INFO : Process completed successfully
2020-06-12 06:30:15 PM INFO : Initializing...
2020-06-12 06:30:30 PM INFO : world_stats generated.
2020-06-12 06:30:33 PM INFO : usa_stats generated.
2020-06-12 06:30:34 PM INFO : india_stats generated.
2020-06-12 06:30:47 PM INFO : mirabhy_stats generated.
2020-06-12 06:30:47 PM INFO : Unpickling a random FAQ...
2020-06-12 06:30:47 PM INFO : Sending an email...
2020-06-12 06:30:53 PM INFO : Process completed successfully
2020-06-13 03:40:33 PM INFO : Initializing...
2020-06-13 03:40:47 PM INFO : world_stats generated.
2020-06-13 03:40:50 PM INFO : usa_stats generated.
2020-06-13 03:40:52 PM INFO : india_stats generated.
2020-06-13 03:41:04 PM INFO : mirabhy_stats generated.
2020-06-13 03:41:29 PM INFO : Downloading covid MBMC report...
2020-06-13 03:41:36 PM INFO : Unpickling a random FAQ...
2020-06-13 03:41:36 PM INFO : Sending an email...
2020-06-13 03:41:42 PM INFO : Process completed successfully
